Solid Edge 转换到 OBJ
日期: 星期四,二月 20,2025 02:32下午
输出文件: C:\Users\15459\Desktop\CUPT2025弹簧滞后\零件1.obj
作者: 未知
组织: 未知
源系统: SOLID EDGE

硬件:
处理器: AMD Ryzen AI 9 HX 370 w/ Radeon 890M           
操作系统: Windows 10
已装内存: 31.1 GB

软件信息:
Parasolid 版本: 36.0.142
PSBodyshop 版本: 36.0.108
OBJ 适配器版本: 13.0.209
Solid Edge 版本: 224.00.00.101 x64

OBJ 导出选项:
导出构造实体:关
导出显示零件:关
导出构造片体:关
启用日志记录:开
导出纹理:关
导出展平装配:On
设计体不存在时导出构造实体和片体: 关
导出单位:Millimeters
导出公差值:1.250000
导出公差类型:Custom
导出曲面平面角度值:0.523599

转换进度:
转换过程结束
转换所需时间:00 : 00 : 01
